-------------------------------------------------------------------------------
Test set: com.TestAddition
-------------------------------------------------------------------------------
Tests run: 6, Failures: 1, Errors: 0, Skipped: 0, Time elapsed: 6.699 s <<< FAILURE! - in com.TestAddition
testConcat  Time elapsed: 0.02 s  <<< FAILURE!
org.opentest4j.AssertionFailedError: expected: <c> but was: <ab>
	at com.TestAddition.testConcat(TestAddition.java:46)

